#
# There is insufficient memory for the Java Runtime Environment to continue.
# Native memory allocation (mmap) failed to map 268435456 bytes. Error detail: G1 virtual space
# Possible reasons:
#   The system is out of physical RAM or swap space
#   This process is running with CompressedOops enabled, and the Java Heap may be blocking the growth of the native heap
# Possible solutions:
#   Reduce memory load on the system
#   Increase physical memory or swap space
#   Check if swap backing store is full
#   Decrease Java heap size (-Xmx/-Xms)
#   Decrease number of Java threads
#   Decrease Java thread stack sizes (-Xss)
#   Set larger code cache with -XX:ReservedCodeCacheSize=
#   JVM is running with Zero Based Compressed Oops mode in which the Java heap is
#     placed in the first 32GB address space. The Java Heap base address is the
#     maximum limit for the native heap growth. Please use -XX:HeapBaseMinAddress
#     to set the Java Heap base and to place the Java Heap above 32GB virtual address.
# This output file may be truncated or incomplete.
#
#  Out of Memory Error (os_windows.cpp:3707), pid=23156, tid=6380
#
# JRE version:  (23.0.2+7) (build )
# Java VM: Java HotSpot(TM) 64-Bit Server VM (23.0.2+7-58, mixed mode, emulated-client, sharing, tiered, compressed oops, compressed class ptrs, g1 gc, windows-amd64)
# No core dump will be written. Minidumps are not enabled by default on client versions of Windows
#

---------------  S U M M A R Y ------------

Command Line: -XX:TieredStopAtLevel=1 rayan.SpringFramework.sfg_pet_clinic.SfgPetClinicApplication

Host: Intel(R) Core(TM) i5-8265U CPU @ 1.60GHz, 8 cores, 15G,  Windows 11 , 64 bit Build 26100 (10.0.26100.6725)
Time: Thu Oct 23 15:52:31 2025 W. Europe Daylight Time elapsed time: 1.754610 seconds (0d 0h 0m 1s)

---------------  T H R E A D  ---------------

Current thread (0x000002c4d334ed30):  JavaThread "Unknown thread" [_thread_in_vm, id=6380, stack(0x000000d536200000,0x000000d536300000) (1024K)]

Stack: [0x000000d536200000,0x000000d536300000]
Native frames: (J=compiled Java code, j=interpreted, Vv=VM code, C=native code)
V  [jvm.dll+0x6e0b99]  (no source info available)
V  [jvm.dll+0x87e2b3]  (no source info available)
V  [jvm.dll+0x88073e]  (no source info available)
V  [jvm.dll+0x880e13]  (no source info available)
V  [jvm.dll+0x27b006]  (no source info available)
V  [jvm.dll+0x6dd485]  (no source info available)
V  [jvm.dll+0x6d127a]  (no source info available)
V  [jvm.dll+0x35b50a]  (no source info available)
V  [jvm.dll+0x363916]  (no source info available)
V  [jvm.dll+0x34fe7e]  (no source info available)
V  [jvm.dll+0x350118]  (no source info available)
V  [jvm.dll+0x328aec]  (no source info available)
V  [jvm.dll+0x32978e]  (no source info available)
V  [jvm.dll+0x8449a5]  (no source info available)
V  [jvm.dll+0x3b9a08]  (no source info available)
V  [jvm.dll+0x82d68c]  (no source info available)
V  [jvm.dll+0x454f2e]  (no source info available)
V  [jvm.dll+0x456db1]  (no source info available)
C  [jli.dll+0x52a3]  (no source info available)
C  [ucrtbase.dll+0x37b0]  (no source info available)
C  [KERNEL32.DLL+0x2e8d7]  (no source info available)
C  [ntdll.dll+0x8c53c]  (no source info available)

Lock stack of current Java thread (top to bottom):


---------------  P R O C E S S  ---------------

Threads class SMR info:
_java_thread_list=0x00007ffedd204618, length=0, elements={
}

Java Threads: ( => current thread )
Total: 0

Other Threads:
  0x000002c4d5862ce0 WorkerThread "GC Thread#0"                     [id=19376, stack(0x000000d536300000,0x000000d536400000) (1024K)]
  0x000002c4d5879030 ConcurrentGCThread "G1 Main Marker"            [id=21124, stack(0x000000d536400000,0x000000d536500000) (1024K)]
  0x000002c4d5879b40 WorkerThread "G1 Conc#0"                       [id=21512, stack(0x000000d536500000,0x000000d536600000) (1024K)]

[error occurred during error reporting (printing all threads), id 0xc0000005, EXCEPTION_ACCESS_VIOLATION (0xc0000005) at pc=0x00007ffedc94c0da]
VM state: not at safepoint (not fully initialized)

VM Mutex/Monitor currently owned by a thread:  ([mutex/lock_event])
[0x00007ffedd284988] Heap_lock - owner thread: 0x000002c4d334ed30

Heap address: 0x0000000701c00000, size: 4068 MB, Compressed Oops mode: Zero based, Oop shift amount: 3

CDS archive(s) mapped at: [0x0000000000000000-0x0000000000000000-0x0000000000000000), size 0, SharedBaseAddress: 0x0000000800000000, ArchiveRelocationMode: 1.
Narrow klass base: 0x0000000000000000, Narrow klass shift: 0, Narrow klass range: 0x0

GC Precious Log:
 CardTable entry size: 512
 Card Set container configuration: InlinePtr #cards 4 size 8 Array Of Cards #cards 16 size 48 Howl #buckets 8 coarsen threshold 3686 Howl Bitmap #cards 512 size 80 coarsen threshold 460 Card regions per heap region 1 cards per card region 4096

Heap:
 garbage-first heap   total reserved 4165632K, committed 0K, used 0K [0x0000000701c00000, 0x0000000800000000)
  region size 2048K, 0 young (0K), 0 survivors (0K)

[error occurred during error reporting (printing heap information), id 0xc0000005, EXCEPTION_ACCESS_VIOLATION (0xc0000005) at pc=0x00007ffedcd4c6a9]
GC Heap History (0 events):
No events

Dll operation events (1 events):
Event: 0.022 Loaded shared library C:\Program Files\Java\jdk-23\bin\java.dll

Deoptimization events (0 events):
No events

Classes loaded (0 events):
No events

Classes unloaded (0 events):
No events

Classes redefined (0 events):
No events

Internal exceptions (0 events):
No events

VM Operations (0 events):
No events

Memory protections (0 events):
No events

Nmethod flushes (0 events):
No events

Events (0 events):
No events


Dynamic libraries:
0x00007ff687be0000 - 0x00007ff687bf0000 	C:\Program Files\Java\jdk-23\bin\java.exe
0x00007fff5a8c0000 - 0x00007fff5ab28000 	C:\WINDOWS\SYSTEM32\ntdll.dll
0x00007fff5a590000 - 0x00007fff5a659000 	C:\WINDOWS\System32\KERNEL32.DLL
0x00007fff58060000 - 0x00007fff58452000 	C:\WINDOWS\System32\KERNELBASE.dll
0x00007fff57f10000 - 0x00007fff5805b000 	C:\WINDOWS\System32\ucrtbase.dll
0x00007fff360f0000 - 0x00007fff36107000 	C:\Program Files\Java\jdk-23\bin\jli.dll
0x00007fff3ed00000 - 0x00007fff3ed1b000 	C:\Program Files\Java\jdk-23\bin\VCRUNTIME140.dll
0x00007fff590e0000 - 0x00007fff592a5000 	C:\WINDOWS\System32\USER32.dll
0x00007fff58660000 - 0x00007fff58687000 	C:\WINDOWS\System32\win32u.dll
0x00007fff3fba0000 - 0x00007fff3fe33000 	C:\WINDOWS\WinSxS\amd64_microsoft.windows.common-controls_6595b64144ccf1df_6.0.26100.6899_none_3e0efeeae32e88c1\COMCTL32.dll
0x00007fff5a400000 - 0x00007fff5a42b000 	C:\WINDOWS\System32\GDI32.dll
0x00007fff58ba0000 - 0x00007fff58c49000 	C:\WINDOWS\System32\msvcrt.dll
0x00007fff57c60000 - 0x00007fff57d8d000 	C:\WINDOWS\System32\gdi32full.dll
0x00007fff57bb0000 - 0x00007fff57c53000 	C:\WINDOWS\System32\msvcp_win.dll
0x00007fff58d20000 - 0x00007fff58d4f000 	C:\WINDOWS\System32\IMM32.DLL
0x00007fff3f790000 - 0x00007fff3f79c000 	C:\Program Files\Java\jdk-23\bin\vcruntime140_1.dll
0x00007fff19220000 - 0x00007fff192ae000 	C:\Program Files\Java\jdk-23\bin\msvcp140.dll
0x00007ffedc610000 - 0x00007ffedd360000 	C:\Program Files\Java\jdk-23\bin\server\jvm.dll
0x00007fff58c50000 - 0x00007fff58d04000 	C:\WINDOWS\System32\ADVAPI32.dll
0x00007fff59e40000 - 0x00007fff59ee6000 	C:\WINDOWS\System32\sechost.dll
0x00007fff5a760000 - 0x00007fff5a878000 	C:\WINDOWS\System32\RPCRT4.dll
0x00007fff5a670000 - 0x00007fff5a6e4000 	C:\WINDOWS\System32\WS2_32.dll
0x00007fff578d0000 - 0x00007fff5792e000 	C:\WINDOWS\SYSTEM32\POWRPROF.dll
0x00007fff3b5e0000 - 0x00007fff3b615000 	C:\WINDOWS\SYSTEM32\WINMM.dll
0x00007fff4fa80000 - 0x00007fff4fa8b000 	C:\WINDOWS\SYSTEM32\VERSION.dll
0x00007fff578b0000 - 0x00007fff578c4000 	C:\WINDOWS\SYSTEM32\UMPDC.dll
0x00007fff567f0000 - 0x00007fff5680b000 	C:\WINDOWS\SYSTEM32\kernel.appcore.dll
0x00007fff3e390000 - 0x00007fff3e39a000 	C:\Program Files\Java\jdk-23\bin\jimage.dll
0x00007fff551d0000 - 0x00007fff55412000 	C:\WINDOWS\SYSTEM32\DBGHELP.DLL
0x00007fff58d60000 - 0x00007fff590db000 	C:\WINDOWS\System32\combase.dll
0x00007fff59be0000 - 0x00007fff59cb7000 	C:\WINDOWS\System32\OLEAUT32.dll
0x00007fff3a9d0000 - 0x00007fff3aa0c000 	C:\WINDOWS\SYSTEM32\dbgcore.DLL
0x00007fff57a50000 - 0x00007fff57ae8000 	C:\WINDOWS\System32\bcryptPrimitives.dll
0x00007fff3d890000 - 0x00007fff3d8ae000 	C:\Program Files\Java\jdk-23\bin\java.dll
0x00007fff58900000 - 0x00007fff58a98000 	C:\WINDOWS\System32\ole32.dll
0x00007fff592b0000 - 0x00007fff599fd000 	C:\WINDOWS\System32\SHELL32.dll
0x00007fff58460000 - 0x00007fff585cb000 	C:\WINDOWS\System32\wintypes.dll

dbghelp: loaded successfully - version: 4.0.5 - missing functions: none
symbol engine: initialized successfully - sym options: 0x614 - pdb path: .;C:\Program Files\Java\jdk-23\bin;C:\WINDOWS\SYSTEM32;C:\WINDOWS\WinSxS\amd64_microsoft.windows.common-controls_6595b64144ccf1df_6.0.26100.6899_none_3e0efeeae32e88c1;C:\Program Files\Java\jdk-23\bin\server

VM Arguments:
jvm_args: -XX:TieredStopAtLevel=1 
java_command: rayan.SpringFramework.sfg_pet_clinic.SfgPetClinicApplication
java_class_path (initial): C:\Users\reoo\Desktop\sfg-pet-clinic\target\classes;C:\Users\reoo\.m2\repository\ch\qos\logback\logback-classic\1.5.18\logback-classic-1.5.18.jar;C:\Users\reoo\.m2\repository\ch\qos\logback\logback-core\1.5.18\logback-core-1.5.18.jar;C:\Users\reoo\.m2\repository\org\apache\logging\log4j\log4j-to-slf4j\2.24.3\log4j-to-slf4j-2.24.3.jar;C:\Users\reoo\.m2\repository\org\apache\logging\log4j\log4j-api\2.24.3\log4j-api-2.24.3.jar;C:\Users\reoo\.m2\repository\org\slf4j\jul-to-slf4j\2.0.17\jul-to-slf4j-2.0.17.jar;C:\Users\reoo\.m2\repository\jakarta\annotation\jakarta.annotation-api\3.0.0\jakarta.annotation-api-3.0.0.jar;C:\Users\reoo\.m2\repository\org\yaml\snakeyaml\2.5\snakeyaml-2.5.jar;C:\Users\reoo\.m2\repository\com\zaxxer\HikariCP\7.0.2\HikariCP-7.0.2.jar;C:\Users\reoo\.m2\repository\org\springframework\boot\spring-boot-data-jpa\4.0.0-M3\spring-boot-data-jpa-4.0.0-M3.jar;C:\Users\reoo\.m2\repository\org\springframework\boot\spring-boot-data-commons\4.0.0-M3\spring-boot-data-commons-4.0.0-M3.jar;C:\Users\reoo\.m2\repository\org\springframework\boot\spring-boot-persistence\4.0.0-M3\spring-boot-persistence-4.0.0-M3.jar;C:\Users\reoo\.m2\repository\org\springframework\data\spring-data-commons\4.0.0-M6\spring-data-commons-4.0.0-M6.jar;C:\Users\reoo\.m2\repository\org\springframework\boot\spring-boot-hibernate\4.0.0-M3\spring-boot-hibernate-4.0.0-M3.jar;C:\Users\reoo\.m2\repository\org\springframework\boot\spring-boot-jpa\4.0.0-M3\spring-boot-jpa-4.0.0-M3.jar;C:\Users\reoo\.m2\repository\jakarta\persistence\jakarta.persistence-api\3.2.0\jakarta.persistence-api-3.2.0.jar;C:\Users\reoo\.m2\repository\org\hibernate\orm\hibernate-core\7.1.1.Final\hibernate-core-7.1.1.Final.jar;C:\Users\reoo\.m2\repository\jakarta\transaction\jakarta.transaction-api\2.0.1\jakarta.transaction-api-2.0.1.jar;C:\Users\reoo\.m2\repository\org\jboss\logging\jboss-logging\3.6.1.Final\jboss-logging-3.6.1.Final.jar;C:\Users\reoo\.m2\repository\org\hibernate\models\hibernate-models\1.0.1\hibernate-models-1.0.1.jar;C:\Users\reoo\.m2\repository\com\fasterxml\classmate\1.7.0\classmate-1.7.0.jar;C:\Users\reoo\.m2\repository\org\glassfish\jaxb\jaxb-runtime\4.0.5\jaxb-runtime-4.0.5.jar;C:\Users\reoo\.m2\repository\org\glassfish\jaxb\jaxb-core\4.0.5\jaxb-core-4.0.5.jar;C:\Users\reoo\.m2\repository\org\eclipse\angus\angus-activation\2.0.2\angus-activation-2.0.2.jar;C:\Users\reoo\.m2\repository\org\glassfish\jaxb\txw2\4.0.5\txw2-4.0.5.jar;C:\Users\reoo\.m2\repository\com\sun\istack\istack-commons-runtime\4.1.2\istack-commons-runtime-4.1.2.jar;C:\Users\reoo\.m2\repository\jakarta\inject\jakarta.inject-api\2.0.1\jakarta.inject-api-2.0.1.jar;C:\Users\reoo\.m2\repository\org\springframework\spring-orm\7.0.0-M9\spring-orm-7.0.0-M9.jar;C:\Users\reoo\.m2\repository\org\springframework\data\spring-data-jpa\4.0.0-M6\spring-data-jpa-4.0.0-M6.jar;C:\Users\reoo\.m2\repository\org\springframework\spring-aop\7.0.0-M9\spring-aop-7.0.0-M9.jar;C:\Users\reoo\.m2\repository\org\springframework\spring-tx\7.0.0-M9\spring-tx-7.0.0-M9.jar;C:\Users\reoo\.m2\repository\org\springframework\spring-beans\7.0.0-M9\spring-beans-7.0.0-M9.jar;C:\Users\reoo\.m2\repository\org\antlr\antlr4-runtime\4.13.2\antlr4-runtime-4.13.2.jar;C:\Users\reoo\.m2\repository\org\springframework\spring-aspects\7.0.0-M9\spring-aspects-7.0.0-M9.jar;C:\Users\reoo\.m2\repository\org\aspectj\aspectjweaver\1.9.24\aspectjweaver-1.9.24.jar;C:\Users\reoo\.m2\repository\org\springframework\boot\spring-boot-jdbc\4.0.0-M3\spring-boot-jdbc-4.0.0-M3.jar;C:\Users\reoo\.m2\repository\org\springframework\boot\spring-boot-sql\4.0.0-M3\spring-boot-sql-4.0.0-M3.jar;C:\Users\reoo\.m2\repository\org\springframework\spring-jdbc\7.0.0-M9\spring-jdbc-7.0.0-M9.jar;C:\Users\reoo\.m2\repository\org\springframework\boot\spring-boot-tx\4.0.0-M3\spring-boot-tx-4.0.0-M3.jar;C:\Users\reoo\.m2\repository\org\springframework\boot\spring-boot-thymeleaf\4.0.0-M3\spring-boot-thymeleaf-4.0.0-M3.jar;C:\Users\reoo\.m2\repository\org\thymeleaf\thymeleaf-spring6\3.1.3.RELEASE\thymeleaf-spring6-3.1.3.RELEASE.jar;C:\Users\reoo\.m2\repository\org\thymeleaf\thymeleaf\3.1.3.RELEASE\thymeleaf-3.1.3.RELEASE.jar;C:\Users\reoo\.m2\repository\org\attoparser\attoparser\2.0.7.RELEASE\attoparser-2.0.7.RELEASE.jar;C:\Users\reoo\.m2\repository\org\unbescape\unbescape\1.1.6.RELEASE\unbescape-1.1.6.RELEASE.jar;C:\Users\reoo\.m2\repository\org\springframework\spring-web\7.0.0-M9\spring-web-7.0.0-M9.jar;C:\Users\reoo\.m2\repository\io\micrometer\micrometer-observation\1.16.0-M3\micrometer-observation-1.16.0-M3.jar;C:\Users\reoo\.m2\repository\io\micrometer\micrometer-commons\1.16.0-M3\micrometer-commons-1.16.0-M3.jar;C:\Users\reoo\.m2\repository\org\springframework\boot\spring-boot-jackson\4.0.0-M3\spring-boot-jackson-4.0.0-M3.jar;C:\Users\reoo\.m2\repository\tools\jackson\core\jackson-databind\3.0.0-rc9\jackson-databind-3.0.0-rc9.jar;C:\Users\reoo\.m2\repository\com\fasterxml\jackson\core\jackson-annotations\2.20\jackson-annotations-2.20.jar;C:\Users\reoo\.m2\repository\tools\jackson\core\jackson-core\3.0.0-rc9\jackson-core-3.0.0-rc9.jar;C:\Users\reoo\.m2\repository\org\springframework\boot\spring-boot-tomcat\4.0.0-M3\spring-boot-tomcat-4.0.0-M3.jar;C:\Users\reoo\.m2\repository\org\springframework\boot\spring-boot-web-server\4.0.0-M3\spring-boot-web-server-4.0.0-M3.jar;C:\Users\reoo\.m2\repository\org\apache\tomcat\embed\tomcat-embed-core\11.0.11\tomcat-embed-core-11.0.11.jar;C:\Users\reoo\.m2\repository\org\apache\tomcat\embed\tomcat-embed-el\11.0.11\tomcat-embed-el-11.0.11.jar;C:\Users\reoo\.m2\repository\org\apache\tomcat\embed\tomcat-embed-websocket\11.0.11\tomcat-embed-websocket-11.0.11.jar;C:\Users\reoo\.m2\repository\org\springframework\boot\spring-boot-http-converter\4.0.0-M3\spring-boot-http-converter-4.0.0-M3.jar;C:\Users\reoo\.m2\repository\org\springframework\boot\spring-boot-webmvc\4.0.0-M3\spring-boot-webmvc-4.0.0-M3.jar;C:\Users\reoo\.m2\repository\org\springframework\boot\spring-boot-servlet\4.0.0-M3\spring-boot-servlet-4.0.0-M3.jar;C:\Users\reoo\.m2\repository\org\springframework\spring-webmvc\7.0.0-M9\spring-webmvc-7.0.0-M9.jar;C:\Users\reoo\.m2\repository\org\springframework\spring-expression\7.0.0-M9\spring-expression-7.0.0-M9.jar;C:\Users\reoo\.m2\repository\org\springframework\boot\spring-boot-devtools\4.0.0-M3\spring-boot-devtools-4.0.0-M3.jar;C:\Users\reoo\.m2\repository\org\springframework\boot\spring-boot\4.0.0-M3\spring-boot-4.0.0-M3.jar;C:\Users\reoo\.m2\repository\org\springframework\spring-context\7.0.0-M9\spring-context-7.0.0-M9.jar;C:\Users\reoo\.m2\repository\org\springframework\boot\spring-boot-autoconfigure\4.0.0-M3\spring-boot-autoconfigure-4.0.0-M3.jar;C:\Users\reoo\.m2\repository\com\h2database\h2\2.3.232\h2-2.3.232.jar;C:\Users\reoo\.m2\repository\com\microsoft\sqlserver\mssql-jdbc\13.2.0.jre11\mssql-jdbc-13.2.0.jre11.jar;C:\Users\reoo\.m2\repository\net\bytebuddy\byte-buddy\1.17.7\byte-buddy-1.17.7.jar;C:\Users\reoo\.m2\repository\org\slf4j\slf4j-api\2.0.17\slf4j-api-2.0.17.jar;C:\Users\reoo\.m2\repository\jakarta\xml\bind\jakarta.xml.bind-api\4.0.2\jakarta.xml.bind-api-4.0.2.jar;C:\Users\reoo\.m2\repository\jakarta\activation\jakarta.activation-api\2.1.4\jakarta.activation-api-2.1.4.jar;C:\Users\reoo\.m2\repository\org\springframework\spring-core\7.0.0-M9\spring-core-7.0.0-M9.jar;C:\Users\reoo\.m2\repository\commons-logging\commons-logging\1.3.5\commons-logging-1.3.5.jar;C:\Users\reoo\.m2\repository\org\jspecify\jspecify\1.0.0\jspecify-1.0.0.jar
Launcher Type: SUN_STANDARD

[Global flags]
     intx CICompilerCount                          = 4                                         {product} {ergonomic}
     uint ConcGCThreads                            = 2                                         {product} {ergonomic}
     uint G1ConcRefinementThreads                  = 8                                         {product} {ergonomic}
   size_t G1HeapRegionSize                         = 2097152                                   {product} {ergonomic}
   size_t InitialHeapSize                          = 268435456                                 {product} {ergonomic}
   size_t MarkStackSize                            = 4194304                                   {product} {ergonomic}
   size_t MarkStackSizeMax                         = 536870912                                 {product} {ergonomic}
   size_t MaxHeapSize                              = 4265607168                                {product} {ergonomic}
   size_t MinHeapDeltaBytes                        = 2097152                                   {product} {ergonomic}
   size_t MinHeapSize                              = 8388608                                   {product} {ergonomic}
    uintx NonNMethodCodeHeapSize                   = 4096                                   {pd product} {ergonomic}
    uintx NonProfiledCodeHeapSize                  = 0                                      {pd product} {ergonomic}
     bool ProfileInterpreter                       = false                                  {pd product} {command line}
    uintx ProfiledCodeHeapSize                     = 0                                      {pd product} {ergonomic}
   size_t SoftMaxHeapSize                          = 4265607168                             {manageable} {ergonomic}
     intx TieredStopAtLevel                        = 1                                         {product} {command line}
     bool UseCompressedOops                        = true                           {product lp64_product} {ergonomic}
     bool UseG1GC                                  = true                                      {product} {ergonomic}
     bool UseLargePagesIndividualAllocation        = false                                  {pd product} {ergonomic}

Logging:
Log output configuration:
 #0: stdout all=warning uptime,level,tags foldmultilines=false
 #1: stderr all=off uptime,level,tags foldmultilines=false

Environment Variables:
JAVA_HOME=C:\Program Files\Java\jdk-23
PATH=C:\ffmpeg\bin;C:\Program Files (x86)\Common Files\Intel\Shared Libraries\redist\intel64\compiler;C:\Windows\system32;C:\Windows;C:\Windows\System32\Wbem;C:\Windows\System32\WindowsPowerShell\v1.0\;C:\Windows\System32\OpenSSH\;C:\Program Files\Microsoft SQL Server\150\Tools\Binn\;C:\Program Files\Git\cmd;C:\Program Files\Git\mingw64\bin;C:\Program Files\Git\usr\bin;C:\Users\reoo;C:\Program Files\Microsoft SQL Server\Client SDK\ODBC\170\Tools\Binn\;C:\Program Files\dotnet\;C:\Program Files (x86)\Microsoft SQL Server\160\Tools\Binn\;C:\Program Files\Microsoft SQL Server\160\Tools\Binn\;C:\Program Files\Microsoft SQL Server\160\DTS\Binn\;C:\WINDOWS\system32;C:\WINDOWS;C:\WINDOWS\System32\Wbem;C:\WINDOWS\System32\WindowsPowerShell\v1.0\;C:\WINDOWS\System32\OpenSSH\;C:\Program Files\Microchip\xc8\v2.45\bin;C:\Program Files\PuTTY\;C:\Users\reoo\AppData\Roaming\nvm;C:\Program Files\nodejs;C:\Users\reoo\AppData\Local\Programs\Python\Python310\;C:\Program Files\Docker;C:\Program Files\Apache\Maven\apache-maven-3.9.9\bin;C:\Program Files\Docker\Docker\resources\bin;C:\Program Files\PostgreSQL\17\bin;C:\Program Files\Common Files\Oracle\Java\javapath\java.exe;C:\Program Files\Java\jdk-23\bin;C:\Program Files\cursor\resources\app\bin;C:\Users\reoo\.cargo\bin;C:\Users\reoo\anaconda3;C:\Users\reoo\anaconda3\Library\mingw-w64\bin;C:\Users\reoo\anaconda3\Library\usr\bin;C:\Users\reoo\anaconda3\Library\bin;C:\Users\reoo\anaconda3\Scripts;C:\Users\reoo\AppData\Local\Programs\Python\Python312\Scripts\;C:\Users\reoo\AppData\Local\Programs\Python\Python312\;C:\Users\reoo\AppData\Local\Packages\PythonSoftwareFoundation.Python.3.12_qbz5n2kfra8p0\LocalCache\local-packages\Python312\Scripts;C:\Program Files\JetBrains\PyCharm Community Edition 2024.1\bin;;C:\Users\reoo\AppData\Local\Programs\Microsoft VS Code\bin;C:\Program Files\heroku\bin;C:\Users\reoo\AppData\Local\Microsoft\WindowsApps;
USERNAME=reoo
LANG=en_US.UTF-8
OS=Windows_NT
PROCESSOR_IDENTIFIER=Intel64 Family 6 Model 142 Stepping 12, GenuineIntel
TMP=C:\Users\reoo\AppData\Local\Temp
TEMP=C:\Users\reoo\AppData\Local\Temp




Periodic native trim disabled

---------------  S Y S T E M  ---------------

OS:
 Windows 11 , 64 bit Build 26100 (10.0.26100.6725)
OS uptime: 1 days 1:36 hours
Hyper-V role detected

CPU: total 8 (initial active 8) (4 cores per cpu, 2 threads per core) family 6 model 142 stepping 12 microcode 0xde, cx8, cmov, fxsr, ht, mmx, 3dnowpref, sse, sse2, sse3, ssse3, sse4.1, sse4.2, popcnt, lzcnt, tsc, tscinvbit, avx, avx2, aes, erms, clmul, bmi1, bmi2, adx, fma, vzeroupper, clflush, clflushopt, hv, rdtscp, f16c
Processor Information for the first 8 processors :
  Max Mhz: 1800, Current Mhz: 1600, Mhz Limit: 1584

Memory: 4k page, system-wide physical 16270M (3386M free)
TotalPageFile size 16270M (AvailPageFile size 121M)
current process WorkingSet (physical memory assigned to process): 13M, peak: 13M
current process commit charge ("private bytes"): 56M, peak: 311M

vm_info: Java HotSpot(TM) 64-Bit Server VM (23.0.2+7-58) for windows-amd64 JRE (23.0.2+7-58), built on 2024-11-29T09:34:55Z with MS VC++ 17.6 (VS2022)

END.
